Case #1: CAB
Case #2: MJA
Case #3: OCDE
Case #4: BBAAA
Case #5: CCCABBBAB
Case #6: CCCBAABAB
Case #7: ZXCASDQWE
Case #8: OHGLKJIMNEADCBF
Case #9: CCAAABAAABBBAAB
Case #10: OMNEKBIHGFLDCJA
Case #11: CCCCCCCBBAABBBA
Case #12: CCCCCBBBBBAAAAA
Case #13: CBA
Case #14: ONMBCJGHEIALKFD
Case #15: CCCCCBBBBBAAAAA
Case #16: ZABCD
Case #17: BAAA
Case #18: AAA
Case #19: BAAA
Case #20: CAB
Case #21: BAA
Case #22: CCBBBBBAABAAA
Case #23: CCCCCCBABBBBABA
Case #24: BBB
Case #25: CCCCCCBBABABBBA
Case #26: ZABYCXDWEU
Case #27: ONIACEFDHBJKLGM
Case #28: CCCCCBBBBBAAAAA
Case #29: CCCCBAAAAAABB
Case #30: RRBAACADABA
Case #31: MMGEALKJIHFDCBA
Case #32: CCCCCBBBBBAAAAA
Case #33: CCCCCBBBBBAAAAA
Case #34: ONICEKBAHGJDMFL
Case #35: CCCCCCCCCABBBAA
Case #36: WWWPFGLNPJTPRRF
Case #37: CCCCCAAAABBBBBA
Case #38: A
Case #39: CCCCABBAABBAABA
Case #40: CCCCCCBABBABABA
Case #41: BAAA
Case #42: CCCCBBABABAABAA
Case #43: BA
Case #44: DCBBBAAAAAAAAB
Case #45: BA
Case #46: CCCCBBABAABAAAA
Case #47: CCCCCBBBBBAAAAA
Case #48: BAA
Case #49: BB
Case #50: CBA
Case #51: CCCBAAAAAABBAAA
Case #52: CCCBBAAAAAAAA
Case #53: CCCCBBAAAAABABB
Case #54: CCCCCCABABAABBB
Case #55: MMABDEGHJKALIFC
Case #56: CCCCCAAAABBBBBA
Case #57: BBA
Case #58: ZAYBXCWDUE
Case #59: CCCCCCCBAABBAAB
Case #60: BBA
Case #61: CBA
Case #62: DDDDCCBAABAAC
Case #63: ZDABC
Case #64: BBA
Case #65: DCCCBBABBAABBC
Case #66: CCCBBABBBBAAA
Case #67: CCCCCABBABBBAAA
Case #68: CCCCCCCBAABAAAA
Case #69: MMIHEDBACFGJKLA
Case #70: ZADBC
Case #71: CCCCCCCCAAABAAB
Case #72: CCCCCCCCCAABBBA
Case #73: ONMFEJKGAHBLICD
Case #74: YSRLKQDRSSMXQMK
Case #75: ZEDCBAYXWU
Case #76: BAAA
Case #77: CCBABBBABBAAABB
Case #78: OMBHKJNLEFGICDA
Case #79: ZZXPPJHMSLNLBJV
Case #80: DDDDDCCBBAABC
Case #81: BAA
Case #82: ZYXVTGKMVWRBFHP
Case #83: AA
Case #84: MMAJIGECABDFHKL
Case #85: CCCCCBBBBBAAAAA
Case #86: OJCDEFGHIAKLMNB
Case #87: CCBBBAAAAAAAA
Case #88: BBBBBAAAAAAAA
Case #89: ZYXTTRSJTDNLVSM
Case #90: OKJIFBAHDECMLNG
Case #91: DCBBBBBBAAAAA
Case #92: ZDCBA
Case #93: MMLKGECABDFHIJA
Case #94: CBA
Case #95: OKBHLNICJFEDGMA
Case #96: CCCCAAAABBBBBBB
Case #97: Z
Case #98: ZAAAA
Case #99: MMLJIFECAAKHGDB
Case #100: ZACBA
